<?xml version="1.0" encoding="UTF-8"?>
<testng-results ignored="0" total="4" passed="4" failed="0" skipped="0">
  <reporter-output>
  </reporter-output>
  <suite started-at="2022-10-12T03:59:12 IST" name="Default suite" finished-at="2022-10-12T03:59:53 IST" duration-ms="41228">
    <groups>
      <group name="FireFoxBrowser">
        <method signature="AutomateECommerceWebsite.openFireFoxBrowser()[pri:0, instance:com.automation.AutomateECommerceWebsite@3d680b5a]" name="openFireFoxBrowser" class="com.automation.AutomateECommerceWebsite"/>
        <method signature="AutomateECommerceWebsite.testOnFireFox()[pri:0, instance:com.automation.AutomateECommerceWebsite@3d680b5a]" name="testOnFireFox" class="com.automation.AutomateECommerceWebsite"/>
      </group> <!-- FireFoxBrowser -->
      <group name="ChromeBrowser">
        <method signature="AutomateECommerceWebsite.openChromeBrowser()[pri:0, instance:com.automation.AutomateECommerceWebsite@3d680b5a]" name="openChromeBrowser" class="com.automation.AutomateECommerceWebsite"/>
        <method signature="AutomateECommerceWebsite.testOnChrome()[pri:0, instance:com.automation.AutomateECommerceWebsite@3d680b5a]" name="testOnChrome" class="com.automation.AutomateECommerceWebsite"/>
      </group> <!-- ChromeBrowser -->
    </groups>
    <test started-at="2022-10-12T03:59:12 IST" name="Default test" finished-at="2022-10-12T03:59:53 IST" duration-ms="41228">
      <class name="com.automation.AutomateECommerceWebsite">
        <test-method is-config="true" signature="beforeTest()[pri:0, instance:com.automation.AutomateECommerceWebsite@3d680b5a]" started-at="2022-10-12T03:59:12 IST" name="beforeTest" finished-at="2022-10-12T03:59:12 IST" duration-ms="12" status="PASS">
          <reporter-output>
          </reporter-output>
        </test-method> <!-- beforeTest -->
        <test-method signature="openChromeBrowser()[pri:0, instance:com.automation.AutomateECommerceWebsite@3d680b5a]" started-at="2022-10-12T03:59:12 IST" name="openChromeBrowser" finished-at="2022-10-12T03:59:21 IST" duration-ms="8591" status="PASS">
          <reporter-output>
          </reporter-output>
        </test-method> <!-- openChromeBrowser -->
        <test-method signature="openFireFoxBrowser()[pri:0, instance:com.automation.AutomateECommerceWebsite@3d680b5a]" started-at="2022-10-12T03:59:21 IST" name="openFireFoxBrowser" finished-at="2022-10-12T03:59:31 IST" duration-ms="9935" status="PASS">
          <reporter-output>
          </reporter-output>
        </test-method> <!-- openFireFoxBrowser -->
        <test-method signature="testOnChrome()[pri:0, instance:com.automation.AutomateECommerceWebsite@3d680b5a]" started-at="2022-10-12T03:59:31 IST" name="testOnChrome" finished-at="2022-10-12T03:59:41 IST" depends-on-methods="com.automation.AutomateECommerceWebsite.openChromeBrowser" duration-ms="10525" status="PASS">
          <reporter-output>
          </reporter-output>
        </test-method> <!-- testOnChrome -->
        <test-method signature="testOnFireFox()[pri:0, instance:com.automation.AutomateECommerceWebsite@3d680b5a]" started-at="2022-10-12T03:59:41 IST" name="testOnFireFox" finished-at="2022-10-12T03:59:52 IST" depends-on-methods="com.automation.AutomateECommerceWebsite.openFireFoxBrowser" duration-ms="10762" status="PASS">
          <reporter-output>
          </reporter-output>
        </test-method> <!-- testOnFireFox -->
        <test-method is-config="true" signature="afterTest()[pri:0, instance:com.automation.AutomateECommerceWebsite@3d680b5a]" started-at="2022-10-12T03:59:52 IST" name="afterTest" finished-at="2022-10-12T03:59:53 IST" duration-ms="1359" status="PASS">
          <reporter-output>
          </reporter-output>
        </test-method> <!-- afterTest -->
      </class> <!-- com.automation.AutomateECommerceWebsite -->
    </test> <!-- Default test -->
  </suite> <!-- Default suite -->
</testng-results>
