<?xml version="1.0" encoding="UTF-8"?>
<!-- Generated by org.testng.reporters.JUnitXMLReporter -->
<testsuite ignored="0" hostname="LAPTOP-2OIKUUQR" failures="0" tests="4" name="Default test" time="41.228" errors="0" timestamp="2022-10-12T03:59:53 IST">
  <testcase classname="com.automation.AutomateECommerceWebsite" name="openChromeBrowser" time="8.591"/>
  <testcase classname="com.automation.AutomateECommerceWebsite" name="openFireFoxBrowser" time="9.935"/>
  <testcase classname="com.automation.AutomateECommerceWebsite" name="testOnChrome" time="10.525"/>
  <testcase classname="com.automation.AutomateECommerceWebsite" name="testOnFireFox" time="10.762"/>
</testsuite> <!-- Default test -->
